Using pre-set license
Built from '2021.1/staging' branch; Version is '2021.1.20f1 (be552157821d) revision 12473633'; Using compiler version '192528614'; Build Type 'Release'
OS: 'Windows 10 Pro; OS build 19043.1288; Version 2009; 64bit' Language: 'en' Physical Memory: 16308 MB
BatchMode: 1, IsHumanControllingUs: 0, StartBugReporterOnCrash: 0, Is64bit: 1, IsPro: 0

COMMAND LINE ARGUMENTS:
C:\Program Files\Unity\Hub\Editor\2021.1.20f1\Editor\Unity.exe
-adb2
-batchMode
-noUpm
-name
AssetImportWorker1
-projectPath
E:/Games/ACVC/AnimalCrossingVisciousCycle
-logFile
Logs/AssetImportWorker1.log
-srvPort
65144
Successfully changed project path to: E:/Games/ACVC/AnimalCrossingVisciousCycle
E:/Games/ACVC/AnimalCrossingVisciousCycle
Using Asset Import Pipeline V2.
Refreshing native plugins compatible for Editor in 78.81 ms, found 2 plugins.
Preloading 0 native plugins for Editor in 0.00 ms.
Initialize engine version: 2021.1.20f1 (be552157821d)
[Subsystems] Discovering subsystems at path C:/Program Files/Unity/Hub/Editor/2021.1.20f1/Editor/Data/Resources/UnitySubsystems
[Subsystems] Discovering subsystems at path E:/Games/ACVC/AnimalCrossingVisciousCycle/Assets
GfxDevice: creating device client; threaded=0; jobified=0
Direct3D:
    Version:  Direct3D 11.0 [level 11.1]
    Renderer: NVIDIA GeForce GTX 1070 (ID=0x1b81)
    Vendor:   NVIDIA
    VRAM:     8088 MB
    Driver:   30.0.14.9613
Initialize mono
Mono path[0] = 'C:/Program Files/Unity/Hub/Editor/2021.1.20f1/Editor/Data/Managed'
Mono path[1] = 'C:/Program Files/Unity/Hub/Editor/2021.1.20f1/Editor/Data/MonoBleedingEdge/lib/mono/unityjit'
Mono config path = 'C:/Program Files/Unity/Hub/Editor/2021.1.20f1/Editor/Data/MonoBleedingEdge/etc'
Using monoOptions --debugger-agent=transport=dt_socket,embedding=1,server=y,suspend=n,address=127.0.0.1:56496
Begin MonoManager ReloadAssembly
Registering precompiled unity dll's ...
Register platform support module: C:/Program Files/Unity/Hub/Editor/2021.1.20f1/Editor/Data/PlaybackEngines/MacStandaloneSupport/UnityEditor.OSXStandalone.Extensions.dll
Register platform support module: C:/Program Files/Unity/Hub/Editor/2021.1.20f1/Editor/Data/PlaybackEngines/WindowsStandaloneSupport/UnityEditor.WindowsStandalone.Extensions.dll
Registered in 0.002931 seconds.
Native extension for WindowsStandalone target not found
Native extension for OSXStandalone target not found
Refreshing native plugins compatible for Editor in 63.21 ms, found 2 plugins.
Preloading 0 native plugins for Editor in 0.00 ms.
Mono: successfully reloaded assembly
- Completed reload, in  1.162 seconds
Domain Reload Profiling:
	ReloadAssembly (1162ms)
		BeginReloadAssembly (59ms)
			ExecutionOrderSort (0ms)
			DisableScriptedObjects (0ms)
			BackupInstance (0ms)
			ReleaseScriptingObjects (0ms)
			CreateAndSetChildDomain (1ms)
		EndReloadAssembly (565ms)
			LoadAssemblies (57ms)
			RebuildTransferFunctionScriptingTraits (0ms)
			SetupTypeCache (174ms)
			ReleaseScriptCaches (0ms)
			RebuildScriptCaches (29ms)
			SetupLoadedEditorAssemblies (275ms)
				LogAssemblyErrors (0ms)
				InitializePlatformSupportModulesInManaged (6ms)
				SetLoadedEditorAssemblies (0ms)
				RefreshPlugins (63ms)
				BeforeProcessingInitializeOnLoad (1ms)
				ProcessInitializeOnLoadAttributes (130ms)
				ProcessInitializeOnLoadMethodAttributes (74ms)
				AfterProcessingInitializeOnLoad (0ms)
				EditorAssembliesLoaded (0ms)
			ExecutionOrderSort2 (0ms)
			AwakeInstancesAfterBackupRestoration (0ms)
Platform modules already initialized, skipping
Registering precompiled user dll's ...
Registered in 0.015022 seconds.
Begin MonoManager ReloadAssembly
Native extension for WindowsStandalone target not found
Native extension for OSXStandalone target not found
Refreshing native plugins compatible for Editor in 0.71 ms, found 2 plugins.
Preloading 0 native plugins for Editor in 0.00 ms.
Mono: successfully reloaded assembly
- Completed reload, in  2.263 seconds
Domain Reload Profiling:
	ReloadAssembly (2263ms)
		BeginReloadAssembly (158ms)
			ExecutionOrderSort (0ms)
			DisableScriptedObjects (4ms)
			BackupInstance (0ms)
			ReleaseScriptingObjects (0ms)
			CreateAndSetChildDomain (20ms)
		EndReloadAssembly (2041ms)
			LoadAssemblies (846ms)
			RebuildTransferFunctionScriptingTraits (0ms)
			SetupTypeCache (280ms)
			ReleaseScriptCaches (0ms)
			RebuildScriptCaches (43ms)
			SetupLoadedEditorAssemblies (757ms)
				LogAssemblyErrors (0ms)
				InitializePlatformSupportModulesInManaged (5ms)
				SetLoadedEditorAssemblies (0ms)
				RefreshPlugins (1ms)
				BeforeProcessingInitializeOnLoad (204ms)
				ProcessInitializeOnLoadAttributes (467ms)
				ProcessInitializeOnLoadMethodAttributes (72ms)
				AfterProcessingInitializeOnLoad (7ms)
				EditorAssembliesLoaded (0ms)
			ExecutionOrderSort2 (0ms)
			AwakeInstancesAfterBackupRestoration (7ms)
Platform modules already initialized, skipping
========================================================================
Worker process is ready to serve import requests
Launched and connected shader compiler UnityShaderCompiler.exe after 0.19 seconds
Refreshing native plugins compatible for Editor in 2.18 ms, found 2 plugins.
Preloading 0 native plugins for Editor in 0.00 ms.
Unloading 1994 Unused Serialized files (Serialized files now loaded: 0)
System memory in use before: 83.4 MB.
System memory in use after: 83.5 MB.

Unloading 56 unused Assets to reduce memory usage. Loaded Objects now: 2415.
Total: 12.556500 ms (FindLiveObjects: 0.150900 ms CreateObjectMapping: 0.063600 ms MarkObjects: 12.272400 ms  DeleteObjects: 0.068400 ms)

AssetImportParameters requested are different than current active one (requested -> active):
  custom:framework-win-MediaFoundation: 216162199b28c13a410421893ffa2e32 -> 
  custom:video-decoder-ogg-theora: a1e56fd34408186e4bbccfd4996cb3dc -> 
  custom:container-muxer-webm: aa71ff27fc2769a1b78a27578f13a17b -> 
  custom:container-demuxer-webm: 4f35f7cbe854078d1ac9338744f61a02 -> 
  custom:container-demuxer-ogg: 62fdf1f143b41e24485cea50d1cbac27 -> 
  custom:video-encoder-webm-vp8: eb34c28f22e8b96e1ab97ce403110664 -> 
  custom:video-decoder-webm-vp8: 9c59270c3fd7afecdb556c50c9e8de78 -> 
  custom:audio-decoder-ogg-vorbis: bf7c407c2cedff20999df2af8eb42d56 -> 
  custom:audio-encoder-webm-vorbis: bf7c407c2cedff20999df2af8eb42d56 -> 
========================================================================
Received Import Request.
  path: Assets/Wheel old wood N270512.3DS
  artifactKey: Guid(ddd84348003d84d47a0b5db980dd8c82) Importer(815301076,1909f56bfc062723c751e8b465ee728b)
Start importing Assets/Wheel old wood N270512.3DS using Guid(ddd84348003d84d47a0b5db980dd8c82) Importer(815301076,1909f56bfc062723c751e8b465ee728b)  -> (artifact id: '15a4d942be001ae4ce0244ab4a7e37c6') in 0.628054 seconds 
========================================================================
Received Import Request.
  Time since last request: 0.000158 seconds.
  path: Assets/Ready.png
  artifactKey: Guid(9fbb6b7decb3bb942a10ecc14aa9c2f1) Importer(815301076,1909f56bfc062723c751e8b465ee728b)
Start importing Assets/Ready.png using Guid(9fbb6b7decb3bb942a10ecc14aa9c2f1) Importer(815301076,1909f56bfc062723c751e8b465ee728b)  -> (artifact id: '4507ae8338d5472e96b22ed83b906e08') in 0.091848 seconds 
========================================================================
Received Import Request.
  Time since last request: 0.000204 seconds.
  path: Assets/DuckWhitePrefab.prefab
  artifactKey: Guid(f2c9c5e833e7fb0498dbadc011cd3ebb) Importer(815301076,1909f56bfc062723c751e8b465ee728b)
Start importing Assets/DuckWhitePrefab.prefab using Guid(f2c9c5e833e7fb0498dbadc011cd3ebb) Importer(815301076,1909f56bfc062723c751e8b465ee728b)  -> (artifact id: 'f393449605a485d877fdfa0d7842449e') in 0.027214 seconds 
========================================================================
Received Import Request.
  Time since last request: 0.000208 seconds.
  path: Assets/Cart old N220816.3DS
  artifactKey: Guid(55d4bc6da3f4b9a43ae9c5e28a73500f) Importer(815301076,1909f56bfc062723c751e8b465ee728b)
Start importing Assets/Cart old N220816.3DS using Guid(55d4bc6da3f4b9a43ae9c5e28a73500f) Importer(815301076,1909f56bfc062723c751e8b465ee728b)  -> (artifact id: '5c8df06cbd668bbd90ba137aa3ab43e3') in 0.688304 seconds 
========================================================================
Received Import Request.
  Time since last request: 0.000202 seconds.
  path: Assets/wood-24490_960_721.png
  artifactKey: Guid(7231454536c1f4e43ab6f272a7505514) Importer(815301076,1909f56bfc062723c751e8b465ee728b)
Start importing Assets/wood-24490_960_721.png using Guid(7231454536c1f4e43ab6f272a7505514) Importer(815301076,1909f56bfc062723c751e8b465ee728b)  -> (artifact id: '537c4aaeaf69ce795954a2384251ee1f') in 0.019865 seconds 
========================================================================
Received Import Request.
  Time since last request: 0.000193 seconds.
  path: Assets/Logo.png
  artifactKey: Guid(d6e1d50e2df5e6c41b417a8ae1de1ea1) Importer(815301076,1909f56bfc062723c751e8b465ee728b)
Start importing Assets/Logo.png using Guid(d6e1d50e2df5e6c41b417a8ae1de1ea1) Importer(815301076,1909f56bfc062723c751e8b465ee728b)  -> (artifact id: 'b9d3a0b798d12d26e65d3075724469fc') in 0.028048 seconds 
========================================================================
Received Import Request.
  Time since last request: 0.000259 seconds.
  path: Assets/Wheel.physicMaterial
  artifactKey: Guid(c0fbff5146e50464e9d34712df084de1) Importer(815301076,1909f56bfc062723c751e8b465ee728b)
Start importing Assets/Wheel.physicMaterial using Guid(c0fbff5146e50464e9d34712df084de1) Importer(815301076,1909f56bfc062723c751e8b465ee728b)  -> (artifact id: '56a2b47f8c45bb24ed8d2d031ad72914') in 0.014836 seconds 
========================================================================
Received Import Request.
  Time since last request: 0.000128 seconds.
  path: Assets/SheepWhitePrefab.prefab
  artifactKey: Guid(ec140ceddd5aaf546840c298e1992d7d) Importer(815301076,1909f56bfc062723c751e8b465ee728b)
Start importing Assets/SheepWhitePrefab.prefab using Guid(ec140ceddd5aaf546840c298e1992d7d) Importer(815301076,1909f56bfc062723c751e8b465ee728b)  -> (artifact id: '8fdb06a666f5e10bec30770672210ad2') in 0.039740 seconds 
========================================================================
Received Import Request.
  Time since last request: 0.000215 seconds.
  path: Assets/LogoMaterial.mat
  artifactKey: Guid(798fa1d649b34cc4c9b2672eb7d54853) Importer(815301076,1909f56bfc062723c751e8b465ee728b)
Start importing Assets/LogoMaterial.mat using Guid(798fa1d649b34cc4c9b2672eb7d54853) Importer(815301076,1909f56bfc062723c751e8b465ee728b)  -> (artifact id: 'e669e32e862a00e8c84d8158c3009113') in 0.051522 seconds 
========================================================================
Received Import Request.
  Time since last request: 0.000146 seconds.
  path: Assets/YouSurvived.psd
  artifactKey: Guid(35f529c111f90294ea3e5ceadaf87cf2) Importer(815301076,1909f56bfc062723c751e8b465ee728b)
Start importing Assets/YouSurvived.psd using Guid(35f529c111f90294ea3e5ceadaf87cf2) Importer(815301076,1909f56bfc062723c751e8b465ee728b)  -> (artifact id: 'e3ea5946a0aa1ec4b4ea1296ec19e18b') in 0.085120 seconds 
========================================================================
Received Import Request.
  Time since last request: 0.000207 seconds.
  path: Assets/CowPrefab.prefab
  artifactKey: Guid(d93b2b78202fbbb49a47dbfe889671f8) Importer(815301076,1909f56bfc062723c751e8b465ee728b)
Start importing Assets/CowPrefab.prefab using Guid(d93b2b78202fbbb49a47dbfe889671f8) Importer(815301076,1909f56bfc062723c751e8b465ee728b)  -> (artifact id: 'f130a2b09c21a7c6b523b2fc6f3a2a24') in 0.031418 seconds 
========================================================================
Received Import Request.
  Time since last request: 0.000129 seconds.
  path: Assets/ICELAND PERSONAL USE.ttf
  artifactKey: Guid(ecb71c21ca7a86c4cbc9a229a3109835) Importer(815301076,1909f56bfc062723c751e8b465ee728b)
Start importing Assets/ICELAND PERSONAL USE.ttf using Guid(ecb71c21ca7a86c4cbc9a229a3109835) Importer(815301076,1909f56bfc062723c751e8b465ee728b)  -> (artifact id: '1216809cecdd3ea564c76cadd988a784') in 0.080211 seconds 
========================================================================
Received Import Request.
  Time since last request: 0.000200 seconds.
  path: Assets/go.png
  artifactKey: Guid(d10065b149469c44883b19c0fde41d5c) Importer(815301076,1909f56bfc062723c751e8b465ee728b)
Start importing Assets/go.png using Guid(d10065b149469c44883b19c0fde41d5c) Importer(815301076,1909f56bfc062723c751e8b465ee728b)  -> (artifact id: '689e08fde56854dc959e1663363b7eef') in 0.027548 seconds 
========================================================================
Received Import Request.
  Time since last request: 0.000145 seconds.
  path: Assets/WheelChair.prefab
  artifactKey: Guid(5732e7a4288f2184fb02313afc670562) Importer(815301076,1909f56bfc062723c751e8b465ee728b)
Start importing Assets/WheelChair.prefab using Guid(5732e7a4288f2184fb02313afc670562) Importer(815301076,1909f56bfc062723c751e8b465ee728b)  -> (artifact id: '1e6e4849a8d1e8790b705c79308d7927') in 0.017342 seconds 
========================================================================
Received Import Request.
  Time since last request: 0.000117 seconds.
  path: Assets/YouSurvived.png
  artifactKey: Guid(ff2cdd7b5d945d14f97e57a25e88942d) Importer(815301076,1909f56bfc062723c751e8b465ee728b)
Start importing Assets/YouSurvived.png using Guid(ff2cdd7b5d945d14f97e57a25e88942d) Importer(815301076,1909f56bfc062723c751e8b465ee728b)  -> (artifact id: '8acbcc0be2c88099c72143f857649e5f') in 0.022889 seconds 
========================================================================
Received Import Request.
  Time since last request: 0.000187 seconds.
  path: Assets/PigPrefab.prefab
  artifactKey: Guid(222e0d18a0dc99d48b31fb280a468e59) Importer(815301076,1909f56bfc062723c751e8b465ee728b)
Start importing Assets/PigPrefab.prefab using Guid(222e0d18a0dc99d48b31fb280a468e59) Importer(815301076,1909f56bfc062723c751e8b465ee728b)  -> (artifact id: 'f429fbd2310204079dab3d0fd5241d0f') in 0.017448 seconds 
========================================================================
Received Import Request.
  Time since last request: 0.000137 seconds.
  path: Assets/Bleat-SoundBible.com-893851569.wav
  artifactKey: Guid(48123546bc8596842b6887db00eeca1f) Importer(815301076,1909f56bfc062723c751e8b465ee728b)
Start importing Assets/Bleat-SoundBible.com-893851569.wav using Guid(48123546bc8596842b6887db00eeca1f) Importer(815301076,1909f56bfc062723c751e8b465ee728b)  -> (artifact id: '6abcc3eebd66da42e173a6f69b5626dc') in 0.028336 seconds 
========================================================================
Received Import Request.
  Time since last request: 0.000140 seconds.
  path: Assets/YouFell.png
  artifactKey: Guid(d480f838479fbc047b4967fd8bdd887a) Importer(815301076,1909f56bfc062723c751e8b465ee728b)
Start importing Assets/YouFell.png using Guid(d480f838479fbc047b4967fd8bdd887a) Importer(815301076,1909f56bfc062723c751e8b465ee728b)  -> (artifact id: '1f6a5f3b06f9198013780c6b82ccf2e2') in 0.017419 seconds 
========================================================================
Received Import Request.
  Time since last request: 0.000173 seconds.
  path: Assets/MasterMixer.mixer
  artifactKey: Guid(ef9f4e6e7a38a1a4cabba7c3b7e4051e) Importer(815301076,1909f56bfc062723c751e8b465ee728b)
Start importing Assets/MasterMixer.mixer using Guid(ef9f4e6e7a38a1a4cabba7c3b7e4051e) Importer(815301076,1909f56bfc062723c751e8b465ee728b)  -> (artifact id: 'd4cfd1e90266eff7dc597f638e372a0f') in 0.011068 seconds 
========================================================================
Received Import Request.
  Time since last request: 0.000249 seconds.
  path: Assets/ChickenBrownPrefab.prefab
  artifactKey: Guid(a0d93adaf3e670940a4dc57f9019b86f) Importer(815301076,1909f56bfc062723c751e8b465ee728b)
Start importing Assets/ChickenBrownPrefab.prefab using Guid(a0d93adaf3e670940a4dc57f9019b86f) Importer(815301076,1909f56bfc062723c751e8b465ee728b)  -> (artifact id: '6a955ae31f19622330df854ecdd0852e') in 0.020602 seconds 
========================================================================
Received Import Request.
  Time since last request: 0.000232 seconds.
  path: Assets/YouFell.psd
  artifactKey: Guid(bff1f66aeb95edd45a61555c184b2c96) Importer(815301076,1909f56bfc062723c751e8b465ee728b)
Start importing Assets/YouFell.psd using Guid(bff1f66aeb95edd45a61555c184b2c96) Importer(815301076,1909f56bfc062723c751e8b465ee728b)  -> (artifact id: '984f56442d458d27134ac384696c490f') in 0.017112 seconds 
========================================================================
Received Prepare
Registering precompiled user dll's ...
Registered in 0.006701 seconds.
Begin MonoManager ReloadAssembly
Native extension for WindowsStandalone target not found
Native extension for OSXStandalone target not found
Refreshing native plugins compatible for Editor in 0.77 ms, found 2 plugins.
Preloading 0 native plugins for Editor in 0.00 ms.
Mono: successfully reloaded assembly
- Completed reload, in  1.166 seconds
Domain Reload Profiling:
	ReloadAssembly (1166ms)
		BeginReloadAssembly (122ms)
			ExecutionOrderSort (0ms)
			DisableScriptedObjects (5ms)
			BackupInstance (0ms)
			ReleaseScriptingObjects (0ms)
			CreateAndSetChildDomain (35ms)
		EndReloadAssembly (976ms)
			LoadAssemblies (102ms)
			RebuildTransferFunctionScriptingTraits (0ms)
			SetupTypeCache (278ms)
			ReleaseScriptCaches (1ms)
			RebuildScriptCaches (36ms)
			SetupLoadedEditorAssemblies (415ms)
				LogAssemblyErrors (0ms)
				InitializePlatformSupportModulesInManaged (5ms)
				SetLoadedEditorAssemblies (0ms)
				RefreshPlugins (1ms)
				BeforeProcessingInitializeOnLoad (127ms)
				ProcessInitializeOnLoadAttributes (216ms)
				ProcessInitializeOnLoadMethodAttributes (58ms)
				AfterProcessingInitializeOnLoad (7ms)
				EditorAssembliesLoaded (0ms)
			ExecutionOrderSort2 (0ms)
			AwakeInstancesAfterBackupRestoration (11ms)
Platform modules already initialized, skipping
Refreshing native plugins compatible for Editor in 0.68 ms, found 2 plugins.
Preloading 0 native plugins for Editor in 0.00 ms.
Unloading 1996 Unused Serialized files (Serialized files now loaded: 0)
System memory in use before: 105.4 MB.
System memory in use after: 105.5 MB.

Unloading 48 unused Assets to reduce memory usage. Loaded Objects now: 2614.
Total: 6.514000 ms (FindLiveObjects: 0.233800 ms CreateObjectMapping: 0.081000 ms MarkObjects: 6.159300 ms  DeleteObjects: 0.038800 ms)

AssetImportParameters requested are different than current active one (requested -> active):
  custom:framework-win-MediaFoundation: 216162199b28c13a410421893ffa2e32 -> 
  custom:video-decoder-ogg-theora: a1e56fd34408186e4bbccfd4996cb3dc -> 
  custom:container-muxer-webm: aa71ff27fc2769a1b78a27578f13a17b -> 
  custom:container-demuxer-webm: 4f35f7cbe854078d1ac9338744f61a02 -> 
  custom:container-demuxer-ogg: 62fdf1f143b41e24485cea50d1cbac27 -> 
  custom:video-encoder-webm-vp8: eb34c28f22e8b96e1ab97ce403110664 -> 
  custom:video-decoder-webm-vp8: 9c59270c3fd7afecdb556c50c9e8de78 -> 
  custom:audio-decoder-ogg-vorbis: bf7c407c2cedff20999df2af8eb42d56 -> 
  custom:audio-encoder-webm-vorbis: bf7c407c2cedff20999df2af8eb42d56 -> 
========================================================================
Received Prepare
Registering precompiled user dll's ...
Registered in 0.006365 seconds.
Begin MonoManager ReloadAssembly
Native extension for WindowsStandalone target not found
Native extension for OSXStandalone target not found
Refreshing native plugins compatible for Editor in 0.65 ms, found 2 plugins.
Preloading 0 native plugins for Editor in 0.00 ms.
Mono: successfully reloaded assembly
- Completed reload, in  1.129 seconds
Domain Reload Profiling:
	ReloadAssembly (1129ms)
		BeginReloadAssembly (127ms)
			ExecutionOrderSort (0ms)
			DisableScriptedObjects (8ms)
			BackupInstance (0ms)
			ReleaseScriptingObjects (0ms)
			CreateAndSetChildDomain (34ms)
		EndReloadAssembly (932ms)
			LoadAssemblies (105ms)
			RebuildTransferFunctionScriptingTraits (0ms)
			SetupTypeCache (272ms)
			ReleaseScriptCaches (1ms)
			RebuildScriptCaches (35ms)
			SetupLoadedEditorAssemblies (406ms)
				LogAssemblyErrors (0ms)
				InitializePlatformSupportModulesInManaged (5ms)
				SetLoadedEditorAssemblies (0ms)
				RefreshPlugins (1ms)
				BeforeProcessingInitializeOnLoad (123ms)
				ProcessInitializeOnLoadAttributes (209ms)
				ProcessInitializeOnLoadMethodAttributes (60ms)
				AfterProcessingInitializeOnLoad (7ms)
				EditorAssembliesLoaded (0ms)
			ExecutionOrderSort2 (0ms)
			AwakeInstancesAfterBackupRestoration (12ms)
Platform modules already initialized, skipping
Refreshing native plugins compatible for Editor in 0.65 ms, found 2 plugins.
Preloading 0 native plugins for Editor in 0.00 ms.
Unloading 1987 Unused Serialized files (Serialized files now loaded: 0)
System memory in use before: 105.1 MB.
System memory in use after: 105.2 MB.

Unloading 47 unused Assets to reduce memory usage. Loaded Objects now: 2616.
Total: 6.430400 ms (FindLiveObjects: 0.181100 ms CreateObjectMapping: 0.085300 ms MarkObjects: 6.141500 ms  DeleteObjects: 0.021700 ms)

AssetImportParameters requested are different than current active one (requested -> active):
  custom:framework-win-MediaFoundation: 216162199b28c13a410421893ffa2e32 -> 
  custom:video-decoder-ogg-theora: a1e56fd34408186e4bbccfd4996cb3dc -> 
  custom:container-muxer-webm: aa71ff27fc2769a1b78a27578f13a17b -> 
  custom:container-demuxer-webm: 4f35f7cbe854078d1ac9338744f61a02 -> 
  custom:container-demuxer-ogg: 62fdf1f143b41e24485cea50d1cbac27 -> 
  custom:video-encoder-webm-vp8: eb34c28f22e8b96e1ab97ce403110664 -> 
  custom:video-decoder-webm-vp8: 9c59270c3fd7afecdb556c50c9e8de78 -> 
  custom:audio-decoder-ogg-vorbis: bf7c407c2cedff20999df2af8eb42d56 -> 
  custom:audio-encoder-webm-vorbis: bf7c407c2cedff20999df2af8eb42d56 -> 
========================================================================
Received Prepare
Registering precompiled user dll's ...
Registered in 0.006432 seconds.
Begin MonoManager ReloadAssembly
Native extension for WindowsStandalone target not found
Native extension for OSXStandalone target not found
Refreshing native plugins compatible for Editor in 0.72 ms, found 2 plugins.
Preloading 0 native plugins for Editor in 0.00 ms.
Mono: successfully reloaded assembly
- Completed reload, in  1.133 seconds
Domain Reload Profiling:
	ReloadAssembly (1133ms)
		BeginReloadAssembly (144ms)
			ExecutionOrderSort (0ms)
			DisableScriptedObjects (8ms)
			BackupInstance (0ms)
			ReleaseScriptingObjects (0ms)
			CreateAndSetChildDomain (36ms)
		EndReloadAssembly (925ms)
			LoadAssemblies (111ms)
			RebuildTransferFunctionScriptingTraits (0ms)
			SetupTypeCache (276ms)
			ReleaseScriptCaches (1ms)
			RebuildScriptCaches (34ms)
			SetupLoadedEditorAssemblies (399ms)
				LogAssemblyErrors (0ms)
				InitializePlatformSupportModulesInManaged (5ms)
				SetLoadedEditorAssemblies (0ms)
				RefreshPlugins (1ms)
				BeforeProcessingInitializeOnLoad (121ms)
				ProcessInitializeOnLoadAttributes (210ms)
				ProcessInitializeOnLoadMethodAttributes (55ms)
				AfterProcessingInitializeOnLoad (6ms)
				EditorAssembliesLoaded (0ms)
			ExecutionOrderSort2 (0ms)
			AwakeInstancesAfterBackupRestoration (11ms)
Platform modules already initialized, skipping
Refreshing native plugins compatible for Editor in 0.83 ms, found 2 plugins.
Preloading 0 native plugins for Editor in 0.00 ms.
Unloading 1987 Unused Serialized files (Serialized files now loaded: 0)
System memory in use before: 105.2 MB.
System memory in use after: 105.3 MB.

Unloading 47 unused Assets to reduce memory usage. Loaded Objects now: 2618.
Total: 7.451300 ms (FindLiveObjects: 0.189800 ms CreateObjectMapping: 0.106500 ms MarkObjects: 7.113200 ms  DeleteObjects: 0.040500 ms)

AssetImportParameters requested are different than current active one (requested -> active):
  custom:framework-win-MediaFoundation: 216162199b28c13a410421893ffa2e32 -> 
  custom:video-decoder-ogg-theora: a1e56fd34408186e4bbccfd4996cb3dc -> 
  custom:container-muxer-webm: aa71ff27fc2769a1b78a27578f13a17b -> 
  custom:container-demuxer-webm: 4f35f7cbe854078d1ac9338744f61a02 -> 
  custom:container-demuxer-ogg: 62fdf1f143b41e24485cea50d1cbac27 -> 
  custom:video-encoder-webm-vp8: eb34c28f22e8b96e1ab97ce403110664 -> 
  custom:video-decoder-webm-vp8: 9c59270c3fd7afecdb556c50c9e8de78 -> 
  custom:audio-decoder-ogg-vorbis: bf7c407c2cedff20999df2af8eb42d56 -> 
  custom:audio-encoder-webm-vorbis: bf7c407c2cedff20999df2af8eb42d56 -> 
AssetImportWorkerClient::OnTransportError - code=2 error=End of file
